CRITICAL - 2024-02-24 09:08:07 --> ErrorException: Undefined array key "rg"
in APPPATH\Controllers\Home.php on line 16.
 1 APPPATH\Controllers\Home.php(16): CodeIgniter\Debug\Exceptions->errorHandler(2, 'Undefined array key "rg"', 'C:\\laragon\\www\\casamento\\app\\Controllers\\Home.php', 16)
 2 SYSTEMPATH\CodeIgniter.php(941): App\Controllers\Home->confirmarPresenca()
 3 SYSTEMPATH\CodeIgniter.php(502): CodeIgniter\CodeIgniter->runController(Object(App\Controllers\Home))
 4 SYSTEMPATH\CodeIgniter.php(361): CodeIgniter\CodeIgniter->handleRequest(null, Object(Config\Cache), false)
 5 FCPATH\index.php(79): CodeIgniter\CodeIgniter->run()
CRITICAL - 2024-02-24 09:11:54 --> ErrorException: Undefined array key "rg"
in APPPATH\Controllers\Home.php on line 16.
 1 APPPATH\Controllers\Home.php(16): CodeIgniter\Debug\Exceptions->errorHandler(2, 'Undefined array key "rg"', 'C:\\laragon\\www\\casamento\\app\\Controllers\\Home.php', 16)
 2 SYSTEMPATH\CodeIgniter.php(941): App\Controllers\Home->confirmarPresenca()
 3 SYSTEMPATH\CodeIgniter.php(502): CodeIgniter\CodeIgniter->runController(Object(App\Controllers\Home))
 4 SYSTEMPATH\CodeIgniter.php(361): CodeIgniter\CodeIgniter->handleRequest(null, Object(Config\Cache), false)
 5 FCPATH\index.php(79): CodeIgniter\CodeIgniter->run()
CRITICAL - 2024-02-24 09:12:25 --> ErrorException: Undefined array key "rg"
in APPPATH\Controllers\Home.php on line 16.
 1 APPPATH\Controllers\Home.php(16): CodeIgniter\Debug\Exceptions->errorHandler(2, 'Undefined array key "rg"', 'C:\\laragon\\www\\casamento\\app\\Controllers\\Home.php', 16)
 2 SYSTEMPATH\CodeIgniter.php(941): App\Controllers\Home->confirmarPresenca()
 3 SYSTEMPATH\CodeIgniter.php(502): CodeIgniter\CodeIgniter->runController(Object(App\Controllers\Home))
 4 SYSTEMPATH\CodeIgniter.php(361): CodeIgniter\CodeIgniter->handleRequest(null, Object(Config\Cache), false)
 5 FCPATH\index.php(79): CodeIgniter\CodeIgniter->run()
CRITICAL - 2024-02-24 09:12:45 --> ErrorException: Undefined array key "rg"
in APPPATH\Controllers\Home.php on line 16.
 1 APPPATH\Controllers\Home.php(16): CodeIgniter\Debug\Exceptions->errorHandler(2, 'Undefined array key "rg"', 'C:\\laragon\\www\\casamento\\app\\Controllers\\Home.php', 16)
 2 SYSTEMPATH\CodeIgniter.php(941): App\Controllers\Home->confirmarPresenca()
 3 SYSTEMPATH\CodeIgniter.php(502): CodeIgniter\CodeIgniter->runController(Object(App\Controllers\Home))
 4 SYSTEMPATH\CodeIgniter.php(361): CodeIgniter\CodeIgniter->handleRequest(null, Object(Config\Cache), false)
 5 FCPATH\index.php(79): CodeIgniter\CodeIgniter->run()
CRITICAL - 2024-02-24 09:12:56 --> ErrorException: Undefined array key "rg"
in APPPATH\Controllers\Home.php on line 16.
 1 APPPATH\Controllers\Home.php(16): CodeIgniter\Debug\Exceptions->errorHandler(2, 'Undefined array key "rg"', 'C:\\laragon\\www\\casamento\\app\\Controllers\\Home.php', 16)
 2 SYSTEMPATH\CodeIgniter.php(941): App\Controllers\Home->confirmarPresenca()
 3 SYSTEMPATH\CodeIgniter.php(502): CodeIgniter\CodeIgniter->runController(Object(App\Controllers\Home))
 4 SYSTEMPATH\CodeIgniter.php(361): CodeIgniter\CodeIgniter->handleRequest(null, Object(Config\Cache), false)
 5 FCPATH\index.php(79): CodeIgniter\CodeIgniter->run()
CRITICAL - 2024-02-24 09:14:24 --> ErrorException: Undefined array key "rg"
in APPPATH\Controllers\Home.php on line 16.
 1 APPPATH\Controllers\Home.php(16): CodeIgniter\Debug\Exceptions->errorHandler(2, 'Undefined array key "rg"', 'C:\\laragon\\www\\casamento\\app\\Controllers\\Home.php', 16)
 2 SYSTEMPATH\CodeIgniter.php(941): App\Controllers\Home->confirmarPresenca()
 3 SYSTEMPATH\CodeIgniter.php(502): CodeIgniter\CodeIgniter->runController(Object(App\Controllers\Home))
 4 SYSTEMPATH\CodeIgniter.php(361): CodeIgniter\CodeIgniter->handleRequest(null, Object(Config\Cache), false)
 5 FCPATH\index.php(79): CodeIgniter\CodeIgniter->run()
CRITICAL - 2024-02-24 09:14:38 --> ErrorException: Undefined array key "rg"
in APPPATH\Controllers\Home.php on line 16.
 1 APPPATH\Controllers\Home.php(16): CodeIgniter\Debug\Exceptions->errorHandler(2, 'Undefined array key "rg"', 'C:\\laragon\\www\\casamento\\app\\Controllers\\Home.php', 16)
 2 SYSTEMPATH\CodeIgniter.php(941): App\Controllers\Home->confirmarPresenca()
 3 SYSTEMPATH\CodeIgniter.php(502): CodeIgniter\CodeIgniter->runController(Object(App\Controllers\Home))
 4 SYSTEMPATH\CodeIgniter.php(361): CodeIgniter\CodeIgniter->handleRequest(null, Object(Config\Cache), false)
 5 FCPATH\index.php(79): CodeIgniter\CodeIgniter->run()
CRITICAL - 2024-02-24 09:18:09 --> ErrorException: Undefined array key "rg"
in APPPATH\Controllers\Home.php on line 16.
 1 APPPATH\Controllers\Home.php(16): CodeIgniter\Debug\Exceptions->errorHandler(2, 'Undefined array key "rg"', 'C:\\laragon\\www\\casamento\\app\\Controllers\\Home.php', 16)
 2 SYSTEMPATH\CodeIgniter.php(941): App\Controllers\Home->confirmarPresenca()
 3 SYSTEMPATH\CodeIgniter.php(502): CodeIgniter\CodeIgniter->runController(Object(App\Controllers\Home))
 4 SYSTEMPATH\CodeIgniter.php(361): CodeIgniter\CodeIgniter->handleRequest(null, Object(Config\Cache), false)
 5 FCPATH\index.php(79): CodeIgniter\CodeIgniter->run()
CRITICAL - 2024-02-24 09:18:13 --> ErrorException: Undefined array key "rg"
in APPPATH\Controllers\Home.php on line 16.
 1 APPPATH\Controllers\Home.php(16): CodeIgniter\Debug\Exceptions->errorHandler(2, 'Undefined array key "rg"', 'C:\\laragon\\www\\casamento\\app\\Controllers\\Home.php', 16)
 2 SYSTEMPATH\CodeIgniter.php(941): App\Controllers\Home->confirmarPresenca()
 3 SYSTEMPATH\CodeIgniter.php(502): CodeIgniter\CodeIgniter->runController(Object(App\Controllers\Home))
 4 SYSTEMPATH\CodeIgniter.php(361): CodeIgniter\CodeIgniter->handleRequest(null, Object(Config\Cache), false)
 5 FCPATH\index.php(79): CodeIgniter\CodeIgniter->run()
